[2025-04-24T14:13:37.012+0000] {local_task_job_runner.py:120} INFO - ::group::Pre task execution logs
[2025-04-24T14:13:37.040+0000] {taskinstance.py:2076} INFO - Dependencies all met for dep_context=non-requeueable deps ti=<TaskInstance: test_spark_connection.run_simple_spark_job manual__2025-04-24T14:13:27.684630+00:00 [queued]>
[2025-04-24T14:13:37.047+0000] {taskinstance.py:2076} INFO - Dependencies all met for dep_context=requeueable deps ti=<TaskInstance: test_spark_connection.run_simple_spark_job manual__2025-04-24T14:13:27.684630+00:00 [queued]>
[2025-04-24T14:13:37.047+0000] {taskinstance.py:2306} INFO - Starting attempt 1 of 2
[2025-04-24T14:13:37.060+0000] {taskinstance.py:2330} INFO - Executing <Task(SparkSubmitOperator): run_simple_spark_job> on 2025-04-24 14:13:27.684630+00:00
[2025-04-24T14:13:37.066+0000] {standard_task_runner.py:63} INFO - Started process 125 to run task
[2025-04-24T14:13:37.069+0000] {standard_task_runner.py:90} INFO - Running: ['airflow', 'tasks', 'run', 'test_spark_connection', 'run_simple_spark_job', 'manual__2025-04-24T14:13:27.684630+00:00', '--job-id', '226', '--raw', '--subdir', 'DAGS_FOLDER/test_spark_connection.py', '--cfg-path', '/tmp/tmpo77ecr9y']
[2025-04-24T14:13:37.070+0000] {standard_task_runner.py:91} INFO - Job 226: Subtask run_simple_spark_job
[2025-04-24T14:13:37.108+0000] {task_command.py:426} INFO - Running <TaskInstance: test_spark_connection.run_simple_spark_job manual__2025-04-24T14:13:27.684630+00:00 [running]> on host 62d0b3aee9c6
[2025-04-24T14:13:37.191+0000] {taskinstance.py:2648} INFO - Exporting env vars: AIRFLOW_CTX_DAG_OWNER='airflow' AIRFLOW_CTX_DAG_ID='test_spark_connection' AIRFLOW_CTX_TASK_ID='run_simple_spark_job' AIRFLOW_CTX_EXECUTION_DATE='2025-04-24T14:13:27.684630+00:00' AIRFLOW_CTX_TRY_NUMBER='1' AIRFLOW_CTX_DAG_RUN_ID='manual__2025-04-24T14:13:27.684630+00:00'
[2025-04-24T14:13:37.193+0000] {taskinstance.py:430} INFO - ::endgroup::
[2025-04-24T14:13:37.215+0000] {base.py:84} INFO - Using connection ID 'spark_default' for task execution.
[2025-04-24T14:13:37.216+0000] {spark_submit.py:474} INFO - Spark-Submit cmd: spark-submit --master 56e314a87a5a:7077 --name arrow-spark --verbose --deploy-mode cluster /opt/***/Scripts/test.py arg1 arg2
[2025-04-24T14:13:37.337+0000] {spark_submit.py:644} INFO - /home/***/.local/lib/python3.12/site-packages/pyspark/bin/load-spark-env.sh: line 68: ps: command not found
[2025-04-24T14:13:37.338+0000] {spark_submit.py:644} INFO - JAVA_HOME is not set
[2025-04-24T14:13:37.338+0000] {taskinstance.py:441} INFO - ::group::Post task execution logs
[2025-04-24T14:13:37.348+0000] {taskinstance.py:2905} ERROR - Task failed with exception
Traceback (most recent call last):
  File "/home/airflow/.local/lib/python3.12/site-packages/airflow/models/taskinstance.py", line 465, in _execute_task
    result = _execute_callable(context=context, **execute_callable_kwargs)
             ^^^^^^^^^^^^^^^^^^^^^^^^^^^^^^^^^^^^^^^^^^^^^^^^^^^^^^^^^^^^^
  File "/home/airflow/.local/lib/python3.12/site-packages/airflow/models/taskinstance.py", line 432, in _execute_callable
    return execute_callable(context=context, **execute_callable_kwargs)
           ^^^^^^^^^^^^^^^^^^^^^^^^^^^^^^^^^^^^^^^^^^^^^^^^^^^^^^^^^^^^
  File "/home/airflow/.local/lib/python3.12/site-packages/airflow/models/baseoperator.py", line 401, in wrapper
    return func(self, *args, **kwargs)
           ^^^^^^^^^^^^^^^^^^^^^^^^^^^
  File "/home/airflow/.local/lib/python3.12/site-packages/airflow/providers/apache/spark/operators/spark_submit.py", line 197, in execute
    self._hook.submit(self.application)
  File "/home/airflow/.local/lib/python3.12/site-packages/airflow/providers/apache/spark/hooks/spark_submit.py", line 566, in submit
    raise AirflowException(
airflow.exceptions.AirflowException: Cannot execute: spark-submit --master 56e314a87a5a:7077 --name arrow-spark --verbose --deploy-mode cluster /opt/***/Scripts/test.py arg1 arg2. Error code is: 1.
[2025-04-24T14:13:37.352+0000] {taskinstance.py:1206} INFO - Marking task as UP_FOR_RETRY. dag_id=test_spark_connection, task_id=run_simple_spark_job, run_id=manual__2025-04-24T14:13:27.684630+00:00, execution_date=20250424T141327, start_date=20250424T141337, end_date=20250424T141337
[2025-04-24T14:13:37.514+0000] {standard_task_runner.py:110} ERROR - Failed to execute job 226 for task run_simple_spark_job (Cannot execute: spark-submit --master 56e314a87a5a:7077 --name arrow-spark --verbose --deploy-mode cluster /opt/***/Scripts/test.py arg1 arg2. Error code is: 1.; 125)
[2025-04-24T14:13:37.562+0000] {local_task_job_runner.py:240} INFO - Task exited with return code 1
[2025-04-24T14:13:37.576+0000] {taskinstance.py:3503} INFO - 0 downstream tasks scheduled from follow-on schedule check
[2025-04-24T14:13:37.577+0000] {local_task_job_runner.py:222} INFO - ::endgroup::
