[2025-04-24T16:34:25.578+0000] {local_task_job_runner.py:120} INFO - ::group::Pre task execution logs
[2025-04-24T16:34:25.600+0000] {taskinstance.py:2076} INFO - Dependencies all met for dep_context=non-requeueable deps ti=<TaskInstance: test_spark_connection.run_simple_spark_job manual__2025-04-24T16:24:48.224632+00:00 [queued]>
[2025-04-24T16:34:25.607+0000] {taskinstance.py:2076} INFO - Dependencies all met for dep_context=requeueable deps ti=<TaskInstance: test_spark_connection.run_simple_spark_job manual__2025-04-24T16:24:48.224632+00:00 [queued]>
[2025-04-24T16:34:25.607+0000] {taskinstance.py:2306} INFO - Starting attempt 5 of 5
[2025-04-24T16:34:25.618+0000] {taskinstance.py:2330} INFO - Executing <Task(SparkSubmitOperator): run_simple_spark_job> on 2025-04-24 16:24:48.224632+00:00
[2025-04-24T16:34:25.624+0000] {standard_task_runner.py:63} INFO - Started process 575 to run task
[2025-04-24T16:34:25.627+0000] {standard_task_runner.py:90} INFO - Running: ['***', 'tasks', 'run', 'test_spark_connection', 'run_simple_spark_job', 'manual__2025-04-24T16:24:48.224632+00:00', '--job-id', '253', '--raw', '--subdir', 'DAGS_FOLDER/test_spark_connection.py', '--cfg-path', '/tmp/tmpg5b7qeg5']
[2025-04-24T16:34:25.628+0000] {standard_task_runner.py:91} INFO - Job 253: Subtask run_simple_spark_job
[2025-04-24T16:34:25.659+0000] {task_command.py:426} INFO - Running <TaskInstance: test_spark_connection.run_simple_spark_job manual__2025-04-24T16:24:48.224632+00:00 [running]> on host 5fd533202d10
[2025-04-24T16:34:25.716+0000] {taskinstance.py:2648} INFO - Exporting env vars: AIRFLOW_CTX_DAG_OWNER='***' AIRFLOW_CTX_DAG_ID='test_spark_connection' AIRFLOW_CTX_TASK_ID='run_simple_spark_job' AIRFLOW_CTX_EXECUTION_DATE='2025-04-24T16:24:48.224632+00:00' AIRFLOW_CTX_TRY_NUMBER='5' AIRFLOW_CTX_DAG_RUN_ID='manual__2025-04-24T16:24:48.224632+00:00'
[2025-04-24T16:34:25.717+0000] {taskinstance.py:430} INFO - ::endgroup::
[2025-04-24T16:34:25.736+0000] {spark_submit.py:305} INFO - Could not load connection string conn_id, defaulting to yarn
[2025-04-24T16:34:25.737+0000] {spark_submit.py:474} INFO - Spark-Submit cmd: spark-submit --master yarn --name test_spark_job --verbose /opt/***/Scripts/test.py
[2025-04-24T16:34:27.300+0000] {spark_submit.py:644} INFO - Using properties file: null
[2025-04-24T16:34:27.428+0000] {spark_submit.py:644} INFO - Exception in thread "main" org.apache.spark.SparkException: When running with master 'yarn' either HADOOP_CONF_DIR or YARN_CONF_DIR must be set in the environment.
[2025-04-24T16:34:27.429+0000] {spark_submit.py:644} INFO - at org.apache.spark.deploy.SparkSubmitArguments.error(SparkSubmitArguments.scala:650)
[2025-04-24T16:34:27.429+0000] {spark_submit.py:644} INFO - at org.apache.spark.deploy.SparkSubmitArguments.validateSubmitArguments(SparkSubmitArguments.scala:281)
[2025-04-24T16:34:27.430+0000] {spark_submit.py:644} INFO - at org.apache.spark.deploy.SparkSubmitArguments.validateArguments(SparkSubmitArguments.scala:237)
[2025-04-24T16:34:27.430+0000] {spark_submit.py:644} INFO - at org.apache.spark.deploy.SparkSubmitArguments.<init>(SparkSubmitArguments.scala:122)
[2025-04-24T16:34:27.430+0000] {spark_submit.py:644} INFO - at org.apache.spark.deploy.SparkSubmit$$anon$2$$anon$3.<init>(SparkSubmit.scala:1108)
[2025-04-24T16:34:27.430+0000] {spark_submit.py:644} INFO - at org.apache.spark.deploy.SparkSubmit$$anon$2.parseArguments(SparkSubmit.scala:1108)
[2025-04-24T16:34:27.430+0000] {spark_submit.py:644} INFO - at org.apache.spark.deploy.SparkSubmit.doSubmit(SparkSubmit.scala:86)
[2025-04-24T16:34:27.431+0000] {spark_submit.py:644} INFO - at org.apache.spark.deploy.SparkSubmit$$anon$2.doSubmit(SparkSubmit.scala:1125)
[2025-04-24T16:34:27.431+0000] {spark_submit.py:644} INFO - at org.apache.spark.deploy.SparkSubmit$.main(SparkSubmit.scala:1134)
[2025-04-24T16:34:27.431+0000] {spark_submit.py:644} INFO - at org.apache.spark.deploy.SparkSubmit.main(SparkSubmit.scala)
[2025-04-24T16:34:27.454+0000] {taskinstance.py:441} INFO - ::group::Post task execution logs
[2025-04-24T16:34:27.460+0000] {taskinstance.py:2905} ERROR - Task failed with exception
Traceback (most recent call last):
  File "/home/airflow/.local/lib/python3.12/site-packages/airflow/models/taskinstance.py", line 465, in _execute_task
    result = _execute_callable(context=context, **execute_callable_kwargs)
             ^^^^^^^^^^^^^^^^^^^^^^^^^^^^^^^^^^^^^^^^^^^^^^^^^^^^^^^^^^^^^
  File "/home/airflow/.local/lib/python3.12/site-packages/airflow/models/taskinstance.py", line 432, in _execute_callable
    return execute_callable(context=context, **execute_callable_kwargs)
           ^^^^^^^^^^^^^^^^^^^^^^^^^^^^^^^^^^^^^^^^^^^^^^^^^^^^^^^^^^^^
  File "/home/airflow/.local/lib/python3.12/site-packages/airflow/models/baseoperator.py", line 401, in wrapper
    return func(self, *args, **kwargs)
           ^^^^^^^^^^^^^^^^^^^^^^^^^^^
  File "/home/airflow/.local/lib/python3.12/site-packages/airflow/providers/apache/spark/operators/spark_submit.py", line 197, in execute
    self._hook.submit(self.application)
  File "/home/airflow/.local/lib/python3.12/site-packages/airflow/providers/apache/spark/hooks/spark_submit.py", line 566, in submit
    raise AirflowException(
airflow.exceptions.AirflowException: Cannot execute: spark-submit --master yarn --name test_spark_job --verbose /opt/***/Scripts/test.py. Error code is: 1.
[2025-04-24T16:34:27.464+0000] {taskinstance.py:1206} INFO - Marking task as FAILED. dag_id=test_spark_connection, task_id=run_simple_spark_job, run_id=manual__2025-04-24T16:24:48.224632+00:00, execution_date=20250424T162448, start_date=20250424T163425, end_date=20250424T163427
[2025-04-24T16:34:27.617+0000] {standard_task_runner.py:110} ERROR - Failed to execute job 253 for task run_simple_spark_job (Cannot execute: spark-submit --master yarn --name test_spark_job --verbose /opt/***/Scripts/test.py. Error code is: 1.; 575)
[2025-04-24T16:34:27.646+0000] {local_task_job_runner.py:240} INFO - Task exited with return code 1
[2025-04-24T16:34:27.658+0000] {taskinstance.py:3503} INFO - 0 downstream tasks scheduled from follow-on schedule check
[2025-04-24T16:34:27.659+0000] {local_task_job_runner.py:222} INFO - ::endgroup::
