[2025-04-24T16:29:19.439+0000] {local_task_job_runner.py:120} INFO - ::group::Pre task execution logs
[2025-04-24T16:29:19.462+0000] {taskinstance.py:2076} INFO - Dependencies all met for dep_context=non-requeueable deps ti=<TaskInstance: test_spark_connection.run_simple_spark_job manual__2025-04-24T16:24:48.224632+00:00 [queued]>
[2025-04-24T16:29:19.469+0000] {taskinstance.py:2076} INFO - Dependencies all met for dep_context=requeueable deps ti=<TaskInstance: test_spark_connection.run_simple_spark_job manual__2025-04-24T16:24:48.224632+00:00 [queued]>
[2025-04-24T16:29:19.469+0000] {taskinstance.py:2306} INFO - Starting attempt 4 of 5
[2025-04-24T16:29:19.485+0000] {taskinstance.py:2330} INFO - Executing <Task(SparkSubmitOperator): run_simple_spark_job> on 2025-04-24 16:24:48.224632+00:00
[2025-04-24T16:29:19.490+0000] {standard_task_runner.py:63} INFO - Started process 435 to run task
[2025-04-24T16:29:19.493+0000] {standard_task_runner.py:90} INFO - Running: ['***', 'tasks', 'run', 'test_spark_connection', 'run_simple_spark_job', 'manual__2025-04-24T16:24:48.224632+00:00', '--job-id', '252', '--raw', '--subdir', 'DAGS_FOLDER/test_spark_connection.py', '--cfg-path', '/tmp/tmp0iz0cm0u']
[2025-04-24T16:29:19.495+0000] {standard_task_runner.py:91} INFO - Job 252: Subtask run_simple_spark_job
[2025-04-24T16:29:19.531+0000] {task_command.py:426} INFO - Running <TaskInstance: test_spark_connection.run_simple_spark_job manual__2025-04-24T16:24:48.224632+00:00 [running]> on host 5fd533202d10
[2025-04-24T16:29:19.600+0000] {taskinstance.py:2648} INFO - Exporting env vars: AIRFLOW_CTX_DAG_OWNER='***' AIRFLOW_CTX_DAG_ID='test_spark_connection' AIRFLOW_CTX_TASK_ID='run_simple_spark_job' AIRFLOW_CTX_EXECUTION_DATE='2025-04-24T16:24:48.224632+00:00' AIRFLOW_CTX_TRY_NUMBER='4' AIRFLOW_CTX_DAG_RUN_ID='manual__2025-04-24T16:24:48.224632+00:00'
[2025-04-24T16:29:19.601+0000] {taskinstance.py:430} INFO - ::endgroup::
[2025-04-24T16:29:19.621+0000] {base.py:84} INFO - Using connection ID 'spark_default' for task execution.
[2025-04-24T16:29:19.622+0000] {spark_submit.py:328} ERROR - Failed to decode base64 keytab: Incorrect padding
[2025-04-24T16:29:19.622+0000] {spark_submit.py:305} INFO - Could not load connection string spark_default, defaulting to f8a0b7779a4d:7077
[2025-04-24T16:29:19.623+0000] {spark_submit.py:474} INFO - Spark-Submit cmd: spark-submit --master f8a0b7779a4d:7077 --principal *** --name test_spark_job --verbose --deploy-mode client /opt/***/Scripts/test.py
[2025-04-24T16:29:21.131+0000] {spark_submit.py:644} INFO - Using properties file: null
[2025-04-24T16:29:21.284+0000] {spark_submit.py:644} INFO - Parsed arguments:
[2025-04-24T16:29:21.285+0000] {spark_submit.py:644} INFO - master                  f8a0b7779a4d:7077
[2025-04-24T16:29:21.285+0000] {spark_submit.py:644} INFO - remote                  null
[2025-04-24T16:29:21.285+0000] {spark_submit.py:644} INFO - deployMode              client
[2025-04-24T16:29:21.286+0000] {spark_submit.py:644} INFO - executorMemory          null
[2025-04-24T16:29:21.286+0000] {spark_submit.py:644} INFO - executorCores           null
[2025-04-24T16:29:21.286+0000] {spark_submit.py:644} INFO - totalExecutorCores      null
[2025-04-24T16:29:21.286+0000] {spark_submit.py:644} INFO - propertiesFile          null
[2025-04-24T16:29:21.287+0000] {spark_submit.py:644} INFO - driverMemory            null
[2025-04-24T16:29:21.287+0000] {spark_submit.py:644} INFO - driverCores             null
[2025-04-24T16:29:21.287+0000] {spark_submit.py:644} INFO - driverExtraClassPath    null
[2025-04-24T16:29:21.287+0000] {spark_submit.py:644} INFO - driverExtraLibraryPath  null
[2025-04-24T16:29:21.287+0000] {spark_submit.py:644} INFO - driverExtraJavaOptions  null
[2025-04-24T16:29:21.288+0000] {spark_submit.py:644} INFO - supervise               false
[2025-04-24T16:29:21.288+0000] {spark_submit.py:644} INFO - queue                   null
[2025-04-24T16:29:21.288+0000] {spark_submit.py:644} INFO - numExecutors            null
[2025-04-24T16:29:21.288+0000] {spark_submit.py:644} INFO - files                   null
[2025-04-24T16:29:21.288+0000] {spark_submit.py:644} INFO - pyFiles                 null
[2025-04-24T16:29:21.288+0000] {spark_submit.py:644} INFO - archives                null
[2025-04-24T16:29:21.288+0000] {spark_submit.py:644} INFO - mainClass               null
[2025-04-24T16:29:21.289+0000] {spark_submit.py:644} INFO - primaryResource         file:/opt/***/Scripts/test.py
[2025-04-24T16:29:21.289+0000] {spark_submit.py:644} INFO - name                    test_spark_job
[2025-04-24T16:29:21.289+0000] {spark_submit.py:644} INFO - childArgs               []
[2025-04-24T16:29:21.289+0000] {spark_submit.py:644} INFO - jars                    null
[2025-04-24T16:29:21.289+0000] {spark_submit.py:644} INFO - packages                null
[2025-04-24T16:29:21.289+0000] {spark_submit.py:644} INFO - packagesExclusions      null
[2025-04-24T16:29:21.290+0000] {spark_submit.py:644} INFO - repositories            null
[2025-04-24T16:29:21.290+0000] {spark_submit.py:644} INFO - verbose                 true
[2025-04-24T16:29:21.290+0000] {spark_submit.py:644} INFO - 
[2025-04-24T16:29:21.290+0000] {spark_submit.py:644} INFO - Spark properties used, including those specified through
[2025-04-24T16:29:21.290+0000] {spark_submit.py:644} INFO - --conf and those from the properties file null:
[2025-04-24T16:29:21.290+0000] {spark_submit.py:644} INFO - 
[2025-04-24T16:29:21.291+0000] {spark_submit.py:644} INFO - 
[2025-04-24T16:29:21.291+0000] {spark_submit.py:644} INFO - 
[2025-04-24T16:29:21.339+0000] {spark_submit.py:644} INFO - Exception in thread "main" org.apache.spark.SparkException: Master must either be yarn or start with spark, mesos, k8s, or local
[2025-04-24T16:29:21.340+0000] {spark_submit.py:644} INFO - at org.apache.spark.deploy.SparkSubmit.error(SparkSubmit.scala:1052)
[2025-04-24T16:29:21.340+0000] {spark_submit.py:644} INFO - at org.apache.spark.deploy.SparkSubmit.prepareSubmitEnvironment(SparkSubmit.scala:261)
[2025-04-24T16:29:21.340+0000] {spark_submit.py:644} INFO - at org.apache.spark.deploy.SparkSubmit.org$apache$spark$deploy$SparkSubmit$$runMain(SparkSubmit.scala:969)
[2025-04-24T16:29:21.340+0000] {spark_submit.py:644} INFO - at org.apache.spark.deploy.SparkSubmit.doRunMain$1(SparkSubmit.scala:199)
[2025-04-24T16:29:21.340+0000] {spark_submit.py:644} INFO - at org.apache.spark.deploy.SparkSubmit.submit(SparkSubmit.scala:222)
[2025-04-24T16:29:21.341+0000] {spark_submit.py:644} INFO - at org.apache.spark.deploy.SparkSubmit.doSubmit(SparkSubmit.scala:91)
[2025-04-24T16:29:21.341+0000] {spark_submit.py:644} INFO - at org.apache.spark.deploy.SparkSubmit$$anon$2.doSubmit(SparkSubmit.scala:1125)
[2025-04-24T16:29:21.341+0000] {spark_submit.py:644} INFO - at org.apache.spark.deploy.SparkSubmit$.main(SparkSubmit.scala:1134)
[2025-04-24T16:29:21.341+0000] {spark_submit.py:644} INFO - at org.apache.spark.deploy.SparkSubmit.main(SparkSubmit.scala)
[2025-04-24T16:29:21.359+0000] {taskinstance.py:441} INFO - ::group::Post task execution logs
[2025-04-24T16:29:21.369+0000] {taskinstance.py:2905} ERROR - Task failed with exception
Traceback (most recent call last):
  File "/home/airflow/.local/lib/python3.12/site-packages/airflow/models/taskinstance.py", line 465, in _execute_task
    result = _execute_callable(context=context, **execute_callable_kwargs)
             ^^^^^^^^^^^^^^^^^^^^^^^^^^^^^^^^^^^^^^^^^^^^^^^^^^^^^^^^^^^^^
  File "/home/airflow/.local/lib/python3.12/site-packages/airflow/models/taskinstance.py", line 432, in _execute_callable
    return execute_callable(context=context, **execute_callable_kwargs)
           ^^^^^^^^^^^^^^^^^^^^^^^^^^^^^^^^^^^^^^^^^^^^^^^^^^^^^^^^^^^^
  File "/home/airflow/.local/lib/python3.12/site-packages/airflow/models/baseoperator.py", line 401, in wrapper
    return func(self, *args, **kwargs)
           ^^^^^^^^^^^^^^^^^^^^^^^^^^^
  File "/home/airflow/.local/lib/python3.12/site-packages/airflow/providers/apache/spark/operators/spark_submit.py", line 197, in execute
    self._hook.submit(self.application)
  File "/home/airflow/.local/lib/python3.12/site-packages/airflow/providers/apache/spark/hooks/spark_submit.py", line 566, in submit
    raise AirflowException(
airflow.exceptions.AirflowException: Cannot execute: spark-submit --master f8a0b7779a4d:7077 --principal *** --name test_spark_job --verbose --deploy-mode client /opt/***/Scripts/test.py. Error code is: 1.
[2025-04-24T16:29:21.372+0000] {taskinstance.py:1206} INFO - Marking task as UP_FOR_RETRY. dag_id=test_spark_connection, task_id=run_simple_spark_job, run_id=manual__2025-04-24T16:24:48.224632+00:00, execution_date=20250424T162448, start_date=20250424T162919, end_date=20250424T162921
[2025-04-24T16:29:21.525+0000] {standard_task_runner.py:110} ERROR - Failed to execute job 252 for task run_simple_spark_job (Cannot execute: spark-submit --master f8a0b7779a4d:7077 --principal *** --name test_spark_job --verbose --deploy-mode client /opt/***/Scripts/test.py. Error code is: 1.; 435)
[2025-04-24T16:29:21.553+0000] {local_task_job_runner.py:240} INFO - Task exited with return code 1
[2025-04-24T16:29:21.568+0000] {taskinstance.py:3503} INFO - 0 downstream tasks scheduled from follow-on schedule check
[2025-04-24T16:29:21.569+0000] {local_task_job_runner.py:222} INFO - ::endgroup::
