[2025-04-24T16:26:02.073+0000] {local_task_job_runner.py:120} INFO - ::group::Pre task execution logs
[2025-04-24T16:26:02.098+0000] {taskinstance.py:2076} INFO - Dependencies all met for dep_context=non-requeueable deps ti=<TaskInstance: test_spark_connection.run_simple_spark_job manual__2025-04-24T16:24:48.224632+00:00 [queued]>
[2025-04-24T16:26:02.105+0000] {taskinstance.py:2076} INFO - Dependencies all met for dep_context=requeueable deps ti=<TaskInstance: test_spark_connection.run_simple_spark_job manual__2025-04-24T16:24:48.224632+00:00 [queued]>
[2025-04-24T16:26:02.106+0000] {taskinstance.py:2306} INFO - Starting attempt 2 of 3
[2025-04-24T16:26:02.123+0000] {taskinstance.py:2330} INFO - Executing <Task(SparkSubmitOperator): run_simple_spark_job> on 2025-04-24 16:24:48.224632+00:00
[2025-04-24T16:26:02.127+0000] {standard_task_runner.py:63} INFO - Started process 258 to run task
[2025-04-24T16:26:02.130+0000] {standard_task_runner.py:90} INFO - Running: ['***', 'tasks', 'run', 'test_spark_connection', 'run_simple_spark_job', 'manual__2025-04-24T16:24:48.224632+00:00', '--job-id', '250', '--raw', '--subdir', 'DAGS_FOLDER/test_spark_connection.py', '--cfg-path', '/tmp/tmp_21hty6p']
[2025-04-24T16:26:02.133+0000] {standard_task_runner.py:91} INFO - Job 250: Subtask run_simple_spark_job
[2025-04-24T16:26:02.167+0000] {task_command.py:426} INFO - Running <TaskInstance: test_spark_connection.run_simple_spark_job manual__2025-04-24T16:24:48.224632+00:00 [running]> on host 5fd533202d10
[2025-04-24T16:26:02.237+0000] {taskinstance.py:2648} INFO - Exporting env vars: AIRFLOW_CTX_DAG_OWNER='***' AIRFLOW_CTX_DAG_ID='test_spark_connection' AIRFLOW_CTX_TASK_ID='run_simple_spark_job' AIRFLOW_CTX_EXECUTION_DATE='2025-04-24T16:24:48.224632+00:00' AIRFLOW_CTX_TRY_NUMBER='2' AIRFLOW_CTX_DAG_RUN_ID='manual__2025-04-24T16:24:48.224632+00:00'
[2025-04-24T16:26:02.237+0000] {taskinstance.py:430} INFO - ::endgroup::
[2025-04-24T16:26:02.258+0000] {base.py:84} INFO - Using connection ID 'spark_default' for task execution.
[2025-04-24T16:26:02.259+0000] {spark_submit.py:328} ERROR - Failed to decode base64 keytab: Incorrect padding
[2025-04-24T16:26:02.259+0000] {spark_submit.py:305} INFO - Could not load connection string spark_default, defaulting to 172.21.0.7:7077
[2025-04-24T16:26:02.260+0000] {spark_submit.py:474} INFO - Spark-Submit cmd: spark-submit --master 172.21.0.7:7077 --principal *** --name test_spark_job --verbose --deploy-mode client /opt/***/Scripts/test.py
[2025-04-24T16:26:03.855+0000] {spark_submit.py:644} INFO - Using properties file: null
[2025-04-24T16:26:03.994+0000] {spark_submit.py:644} INFO - Parsed arguments:
[2025-04-24T16:26:03.995+0000] {spark_submit.py:644} INFO - master                  172.21.0.7:7077
[2025-04-24T16:26:03.995+0000] {spark_submit.py:644} INFO - remote                  null
[2025-04-24T16:26:03.995+0000] {spark_submit.py:644} INFO - deployMode              client
[2025-04-24T16:26:03.995+0000] {spark_submit.py:644} INFO - executorMemory          null
[2025-04-24T16:26:03.995+0000] {spark_submit.py:644} INFO - executorCores           null
[2025-04-24T16:26:03.996+0000] {spark_submit.py:644} INFO - totalExecutorCores      null
[2025-04-24T16:26:03.996+0000] {spark_submit.py:644} INFO - propertiesFile          null
[2025-04-24T16:26:03.996+0000] {spark_submit.py:644} INFO - driverMemory            null
[2025-04-24T16:26:03.996+0000] {spark_submit.py:644} INFO - driverCores             null
[2025-04-24T16:26:03.996+0000] {spark_submit.py:644} INFO - driverExtraClassPath    null
[2025-04-24T16:26:03.996+0000] {spark_submit.py:644} INFO - driverExtraLibraryPath  null
[2025-04-24T16:26:03.997+0000] {spark_submit.py:644} INFO - driverExtraJavaOptions  null
[2025-04-24T16:26:03.997+0000] {spark_submit.py:644} INFO - supervise               false
[2025-04-24T16:26:03.997+0000] {spark_submit.py:644} INFO - queue                   null
[2025-04-24T16:26:03.997+0000] {spark_submit.py:644} INFO - numExecutors            null
[2025-04-24T16:26:03.997+0000] {spark_submit.py:644} INFO - files                   null
[2025-04-24T16:26:03.998+0000] {spark_submit.py:644} INFO - pyFiles                 null
[2025-04-24T16:26:03.998+0000] {spark_submit.py:644} INFO - archives                null
[2025-04-24T16:26:03.998+0000] {spark_submit.py:644} INFO - mainClass               null
[2025-04-24T16:26:03.998+0000] {spark_submit.py:644} INFO - primaryResource         file:/opt/***/Scripts/test.py
[2025-04-24T16:26:03.998+0000] {spark_submit.py:644} INFO - name                    test_spark_job
[2025-04-24T16:26:03.999+0000] {spark_submit.py:644} INFO - childArgs               []
[2025-04-24T16:26:03.999+0000] {spark_submit.py:644} INFO - jars                    null
[2025-04-24T16:26:03.999+0000] {spark_submit.py:644} INFO - packages                null
[2025-04-24T16:26:04.001+0000] {spark_submit.py:644} INFO - packagesExclusions      null
[2025-04-24T16:26:04.001+0000] {spark_submit.py:644} INFO - repositories            null
[2025-04-24T16:26:04.001+0000] {spark_submit.py:644} INFO - verbose                 true
[2025-04-24T16:26:04.002+0000] {spark_submit.py:644} INFO - 
[2025-04-24T16:26:04.002+0000] {spark_submit.py:644} INFO - Spark properties used, including those specified through
[2025-04-24T16:26:04.002+0000] {spark_submit.py:644} INFO - --conf and those from the properties file null:
[2025-04-24T16:26:04.002+0000] {spark_submit.py:644} INFO - 
[2025-04-24T16:26:04.002+0000] {spark_submit.py:644} INFO - 
[2025-04-24T16:26:04.003+0000] {spark_submit.py:644} INFO - 
[2025-04-24T16:26:04.057+0000] {spark_submit.py:644} INFO - Exception in thread "main" org.apache.spark.SparkException: Master must either be yarn or start with spark, mesos, k8s, or local
[2025-04-24T16:26:04.058+0000] {spark_submit.py:644} INFO - at org.apache.spark.deploy.SparkSubmit.error(SparkSubmit.scala:1052)
[2025-04-24T16:26:04.058+0000] {spark_submit.py:644} INFO - at org.apache.spark.deploy.SparkSubmit.prepareSubmitEnvironment(SparkSubmit.scala:261)
[2025-04-24T16:26:04.059+0000] {spark_submit.py:644} INFO - at org.apache.spark.deploy.SparkSubmit.org$apache$spark$deploy$SparkSubmit$$runMain(SparkSubmit.scala:969)
[2025-04-24T16:26:04.059+0000] {spark_submit.py:644} INFO - at org.apache.spark.deploy.SparkSubmit.doRunMain$1(SparkSubmit.scala:199)
[2025-04-24T16:26:04.060+0000] {spark_submit.py:644} INFO - at org.apache.spark.deploy.SparkSubmit.submit(SparkSubmit.scala:222)
[2025-04-24T16:26:04.060+0000] {spark_submit.py:644} INFO - at org.apache.spark.deploy.SparkSubmit.doSubmit(SparkSubmit.scala:91)
[2025-04-24T16:26:04.060+0000] {spark_submit.py:644} INFO - at org.apache.spark.deploy.SparkSubmit$$anon$2.doSubmit(SparkSubmit.scala:1125)
[2025-04-24T16:26:04.060+0000] {spark_submit.py:644} INFO - at org.apache.spark.deploy.SparkSubmit$.main(SparkSubmit.scala:1134)
[2025-04-24T16:26:04.061+0000] {spark_submit.py:644} INFO - at org.apache.spark.deploy.SparkSubmit.main(SparkSubmit.scala)
[2025-04-24T16:26:04.087+0000] {taskinstance.py:441} INFO - ::group::Post task execution logs
[2025-04-24T16:26:04.094+0000] {taskinstance.py:2905} ERROR - Task failed with exception
Traceback (most recent call last):
  File "/home/airflow/.local/lib/python3.12/site-packages/airflow/models/taskinstance.py", line 465, in _execute_task
    result = _execute_callable(context=context, **execute_callable_kwargs)
             ^^^^^^^^^^^^^^^^^^^^^^^^^^^^^^^^^^^^^^^^^^^^^^^^^^^^^^^^^^^^^
  File "/home/airflow/.local/lib/python3.12/site-packages/airflow/models/taskinstance.py", line 432, in _execute_callable
    return execute_callable(context=context, **execute_callable_kwargs)
           ^^^^^^^^^^^^^^^^^^^^^^^^^^^^^^^^^^^^^^^^^^^^^^^^^^^^^^^^^^^^
  File "/home/airflow/.local/lib/python3.12/site-packages/airflow/models/baseoperator.py", line 401, in wrapper
    return func(self, *args, **kwargs)
           ^^^^^^^^^^^^^^^^^^^^^^^^^^^
  File "/home/airflow/.local/lib/python3.12/site-packages/airflow/providers/apache/spark/operators/spark_submit.py", line 197, in execute
    self._hook.submit(self.application)
  File "/home/airflow/.local/lib/python3.12/site-packages/airflow/providers/apache/spark/hooks/spark_submit.py", line 566, in submit
    raise AirflowException(
airflow.exceptions.AirflowException: Cannot execute: spark-submit --master 172.21.0.7:7077 --principal *** --name test_spark_job --verbose --deploy-mode client /opt/***/Scripts/test.py. Error code is: 1.
[2025-04-24T16:26:04.103+0000] {taskinstance.py:1206} INFO - Marking task as UP_FOR_RETRY. dag_id=test_spark_connection, task_id=run_simple_spark_job, run_id=manual__2025-04-24T16:24:48.224632+00:00, execution_date=20250424T162448, start_date=20250424T162602, end_date=20250424T162604
[2025-04-24T16:26:04.283+0000] {standard_task_runner.py:110} ERROR - Failed to execute job 250 for task run_simple_spark_job (Cannot execute: spark-submit --master 172.21.0.7:7077 --principal *** --name test_spark_job --verbose --deploy-mode client /opt/***/Scripts/test.py. Error code is: 1.; 258)
[2025-04-24T16:26:04.308+0000] {local_task_job_runner.py:240} INFO - Task exited with return code 1
[2025-04-24T16:26:04.323+0000] {taskinstance.py:3503} INFO - 0 downstream tasks scheduled from follow-on schedule check
[2025-04-24T16:26:04.323+0000] {local_task_job_runner.py:222} INFO - ::endgroup::
