[2025-04-25T11:32:34.798+0000] {local_task_job_runner.py:120} INFO - ::group::Pre task execution logs
[2025-04-25T11:32:34.825+0000] {taskinstance.py:2076} INFO - Dependencies all met for dep_context=non-requeueable deps ti=<TaskInstance: stock_kafka_pipeline.run_spark_test scheduled__2025-04-25T11:10:00+00:00 [queued]>
[2025-04-25T11:32:34.838+0000] {taskinstance.py:2076} INFO - Dependencies all met for dep_context=requeueable deps ti=<TaskInstance: stock_kafka_pipeline.run_spark_test scheduled__2025-04-25T11:10:00+00:00 [queued]>
[2025-04-25T11:32:34.838+0000] {taskinstance.py:2306} INFO - Starting attempt 9 of 9
[2025-04-25T11:32:34.858+0000] {taskinstance.py:2330} INFO - Executing <Task(BashOperator): run_spark_test> on 2025-04-25 11:10:00+00:00
[2025-04-25T11:32:34.867+0000] {standard_task_runner.py:63} INFO - Started process 63 to run task
[2025-04-25T11:32:34.870+0000] {standard_task_runner.py:90} INFO - Running: ['airflow', 'tasks', 'run', 'stock_kafka_pipeline', 'run_spark_test', 'scheduled__2025-04-25T11:10:00+00:00', '--job-id', '398', '--raw', '--subdir', 'DAGS_FOLDER/test.py', '--cfg-path', '/tmp/tmpf66wah5a']
[2025-04-25T11:32:34.872+0000] {standard_task_runner.py:91} INFO - Job 398: Subtask run_spark_test
[2025-04-25T11:32:34.911+0000] {task_command.py:426} INFO - Running <TaskInstance: stock_kafka_pipeline.run_spark_test scheduled__2025-04-25T11:10:00+00:00 [running]> on host f4170a5e6dc6
[2025-04-25T11:32:35.018+0000] {taskinstance.py:2648} INFO - Exporting env vars: AIRFLOW_CTX_DAG_OWNER='airflow' AIRFLOW_CTX_DAG_ID='stock_kafka_pipeline' AIRFLOW_CTX_TASK_ID='run_spark_test' AIRFLOW_CTX_EXECUTION_DATE='2025-04-25T11:10:00+00:00' AIRFLOW_CTX_TRY_NUMBER='9' AIRFLOW_CTX_DAG_RUN_ID='scheduled__2025-04-25T11:10:00+00:00'
[2025-04-25T11:32:35.019+0000] {taskinstance.py:430} INFO - ::endgroup::
[2025-04-25T11:32:35.046+0000] {subprocess.py:63} INFO - Tmp dir root location: /tmp
[2025-04-25T11:32:35.048+0000] {subprocess.py:75} INFO - Running command: ['/usr/bin/bash', '-c', 'spark-submit --master spark://172.21.0.8:7077 /opt/spark/Scripts/test.py']
[2025-04-25T11:32:35.072+0000] {subprocess.py:86} INFO - Output:
[2025-04-25T11:32:39.041+0000] {subprocess.py:93} INFO - python3: can't open file '/opt/spark/Scripts/test.py': [Errno 2] No such file or directory
[2025-04-25T11:32:39.063+0000] {subprocess.py:93} INFO - 25/04/25 11:32:39 INFO ShutdownHookManager: Shutdown hook called
[2025-04-25T11:32:39.066+0000] {subprocess.py:93} INFO - 25/04/25 11:32:39 INFO ShutdownHookManager: Deleting directory /tmp/spark-2d3472c9-0dae-476d-a051-565894461168
[2025-04-25T11:32:39.166+0000] {subprocess.py:97} INFO - Command exited with return code 2
[2025-04-25T11:32:39.166+0000] {taskinstance.py:441} INFO - ::group::Post task execution logs
[2025-04-25T11:32:39.174+0000] {taskinstance.py:2905} ERROR - Task failed with exception
Traceback (most recent call last):
  File "/home/airflow/.local/lib/python3.12/site-packages/airflow/models/taskinstance.py", line 465, in _execute_task
    result = _execute_callable(context=context, **execute_callable_kwargs)
             ^^^^^^^^^^^^^^^^^^^^^^^^^^^^^^^^^^^^^^^^^^^^^^^^^^^^^^^^^^^^^
  File "/home/airflow/.local/lib/python3.12/site-packages/airflow/models/taskinstance.py", line 432, in _execute_callable
    return execute_callable(context=context, **execute_callable_kwargs)
           ^^^^^^^^^^^^^^^^^^^^^^^^^^^^^^^^^^^^^^^^^^^^^^^^^^^^^^^^^^^^
  File "/home/airflow/.local/lib/python3.12/site-packages/airflow/models/baseoperator.py", line 401, in wrapper
    return func(self, *args, **kwargs)
           ^^^^^^^^^^^^^^^^^^^^^^^^^^^
  File "/home/airflow/.local/lib/python3.12/site-packages/airflow/operators/bash.py", line 243, in execute
    raise AirflowException(
airflow.exceptions.AirflowException: Bash command failed. The command returned a non-zero exit code 2.
[2025-04-25T11:32:39.178+0000] {taskinstance.py:1206} INFO - Marking task as FAILED. dag_id=stock_kafka_pipeline, task_id=run_spark_test, run_id=scheduled__2025-04-25T11:10:00+00:00, execution_date=20250425T111000, start_date=20250425T113234, end_date=20250425T113239
[2025-04-25T11:32:39.190+0000] {standard_task_runner.py:110} ERROR - Failed to execute job 398 for task run_spark_test (Bash command failed. The command returned a non-zero exit code 2.; 63)
[2025-04-25T11:32:39.229+0000] {local_task_job_runner.py:240} INFO - Task exited with return code 1
[2025-04-25T11:32:39.240+0000] {taskinstance.py:3503} INFO - 0 downstream tasks scheduled from follow-on schedule check
[2025-04-25T11:32:39.241+0000] {local_task_job_runner.py:222} INFO - ::endgroup::
