[2025-04-24T13:26:02.928+0000] {local_task_job_runner.py:120} INFO - ::group::Pre task execution logs
[2025-04-24T13:26:02.956+0000] {taskinstance.py:2076} INFO - Dependencies all met for dep_context=non-requeueable deps ti=<TaskInstance: test_spark_connection.run_simple_spark_job manual__2025-04-24T13:25:54.226734+00:00 [queued]>
[2025-04-24T13:26:02.962+0000] {taskinstance.py:2076} INFO - Dependencies all met for dep_context=requeueable deps ti=<TaskInstance: test_spark_connection.run_simple_spark_job manual__2025-04-24T13:25:54.226734+00:00 [queued]>
[2025-04-24T13:26:02.962+0000] {taskinstance.py:2306} INFO - Starting attempt 1 of 2
[2025-04-24T13:26:02.977+0000] {taskinstance.py:2330} INFO - Executing <Task(SparkSubmitOperator): run_simple_spark_job> on 2025-04-24 13:25:54.226734+00:00
[2025-04-24T13:26:02.984+0000] {standard_task_runner.py:63} INFO - Started process 1603 to run task
[2025-04-24T13:26:02.986+0000] {standard_task_runner.py:90} INFO - Running: ['airflow', 'tasks', 'run', 'test_spark_connection', 'run_simple_spark_job', 'manual__2025-04-24T13:25:54.226734+00:00', '--job-id', '196', '--raw', '--subdir', 'DAGS_FOLDER/test_spark_connection.py', '--cfg-path', '/tmp/tmpx9uvwvuq']
[2025-04-24T13:26:02.988+0000] {standard_task_runner.py:91} INFO - Job 196: Subtask run_simple_spark_job
[2025-04-24T13:26:03.019+0000] {task_command.py:426} INFO - Running <TaskInstance: test_spark_connection.run_simple_spark_job manual__2025-04-24T13:25:54.226734+00:00 [running]> on host 5b95d4068e09
[2025-04-24T13:26:03.082+0000] {taskinstance.py:2648} INFO - Exporting env vars: AIRFLOW_CTX_DAG_OWNER='airflow' AIRFLOW_CTX_DAG_ID='test_spark_connection' AIRFLOW_CTX_TASK_ID='run_simple_spark_job' AIRFLOW_CTX_EXECUTION_DATE='2025-04-24T13:25:54.226734+00:00' AIRFLOW_CTX_TRY_NUMBER='1' AIRFLOW_CTX_DAG_RUN_ID='manual__2025-04-24T13:25:54.226734+00:00'
[2025-04-24T13:26:03.083+0000] {taskinstance.py:430} INFO - ::endgroup::
[2025-04-24T13:26:03.104+0000] {base.py:84} INFO - Using connection ID 'spark_default' for task execution.
[2025-04-24T13:26:03.105+0000] {spark_submit.py:474} INFO - Spark-Submit cmd: spark-submit --master ef77e27ac9ba:7077 --name arrow-spark --verbose --deploy-mode cluster opt/***/Scripts/test.py arg1 arg2
[2025-04-24T13:26:03.193+0000] {spark_submit.py:644} INFO - /home/***/.local/lib/python3.12/site-packages/pyspark/bin/load-spark-env.sh: line 68: ps: command not found
[2025-04-24T13:26:03.194+0000] {spark_submit.py:644} INFO - JAVA_HOME is not set
[2025-04-24T13:26:03.195+0000] {taskinstance.py:441} INFO - ::group::Post task execution logs
[2025-04-24T13:26:03.199+0000] {taskinstance.py:2905} ERROR - Task failed with exception
Traceback (most recent call last):
  File "/home/airflow/.local/lib/python3.12/site-packages/airflow/models/taskinstance.py", line 465, in _execute_task
    result = _execute_callable(context=context, **execute_callable_kwargs)
             ^^^^^^^^^^^^^^^^^^^^^^^^^^^^^^^^^^^^^^^^^^^^^^^^^^^^^^^^^^^^^
  File "/home/airflow/.local/lib/python3.12/site-packages/airflow/models/taskinstance.py", line 432, in _execute_callable
    return execute_callable(context=context, **execute_callable_kwargs)
           ^^^^^^^^^^^^^^^^^^^^^^^^^^^^^^^^^^^^^^^^^^^^^^^^^^^^^^^^^^^^
  File "/home/airflow/.local/lib/python3.12/site-packages/airflow/models/baseoperator.py", line 401, in wrapper
    return func(self, *args, **kwargs)
           ^^^^^^^^^^^^^^^^^^^^^^^^^^^
  File "/home/airflow/.local/lib/python3.12/site-packages/airflow/providers/apache/spark/operators/spark_submit.py", line 197, in execute
    self._hook.submit(self.application)
  File "/home/airflow/.local/lib/python3.12/site-packages/airflow/providers/apache/spark/hooks/spark_submit.py", line 566, in submit
    raise AirflowException(
airflow.exceptions.AirflowException: Cannot execute: spark-submit --master ef77e27ac9ba:7077 --name arrow-spark --verbose --deploy-mode cluster opt/***/Scripts/test.py arg1 arg2. Error code is: 1.
[2025-04-24T13:26:03.202+0000] {taskinstance.py:1206} INFO - Marking task as UP_FOR_RETRY. dag_id=test_spark_connection, task_id=run_simple_spark_job, run_id=manual__2025-04-24T13:25:54.226734+00:00, execution_date=20250424T132554, start_date=20250424T132602, end_date=20250424T132603
[2025-04-24T13:26:03.214+0000] {standard_task_runner.py:110} ERROR - Failed to execute job 196 for task run_simple_spark_job (Cannot execute: spark-submit --master ef77e27ac9ba:7077 --name arrow-spark --verbose --deploy-mode cluster opt/***/Scripts/test.py arg1 arg2. Error code is: 1.; 1603)
[2025-04-24T13:26:03.238+0000] {local_task_job_runner.py:240} INFO - Task exited with return code 1
[2025-04-24T13:26:03.248+0000] {taskinstance.py:3503} INFO - 0 downstream tasks scheduled from follow-on schedule check
[2025-04-24T13:26:03.249+0000] {local_task_job_runner.py:222} INFO - ::endgroup::
