[2025-04-25T06:33:14.633+0000] {local_task_job_runner.py:120} INFO - ::group::Pre task execution logs
[2025-04-25T06:33:14.656+0000] {taskinstance.py:2076} INFO - Dependencies all met for dep_context=non-requeueable deps ti=<TaskInstance: stock_kafka_pipeline.process_nasa_logs scheduled__2025-04-25T06:20:00+00:00 [queued]>
[2025-04-25T06:33:14.662+0000] {taskinstance.py:2076} INFO - Dependencies all met for dep_context=requeueable deps ti=<TaskInstance: stock_kafka_pipeline.process_nasa_logs scheduled__2025-04-25T06:20:00+00:00 [queued]>
[2025-04-25T06:33:14.662+0000] {taskinstance.py:2306} INFO - Starting attempt 1 of 2
[2025-04-25T06:33:14.673+0000] {taskinstance.py:2330} INFO - Executing <Task(SparkSubmitOperator): process_nasa_logs> on 2025-04-25 06:20:00+00:00
[2025-04-25T06:33:14.679+0000] {standard_task_runner.py:63} INFO - Started process 519 to run task
[2025-04-25T06:33:14.681+0000] {standard_task_runner.py:90} INFO - Running: ['airflow', 'tasks', 'run', 'stock_kafka_pipeline', 'process_nasa_logs', 'scheduled__2025-04-25T06:20:00+00:00', '--job-id', '349', '--raw', '--subdir', 'DAGS_FOLDER/test.py', '--cfg-path', '/tmp/tmpngjkf9c8']
[2025-04-25T06:33:14.682+0000] {standard_task_runner.py:91} INFO - Job 349: Subtask process_nasa_logs
[2025-04-25T06:33:14.711+0000] {task_command.py:426} INFO - Running <TaskInstance: stock_kafka_pipeline.process_nasa_logs scheduled__2025-04-25T06:20:00+00:00 [running]> on host 9489df9b8294
[2025-04-25T06:33:14.766+0000] {taskinstance.py:2648} INFO - Exporting env vars: AIRFLOW_CTX_DAG_OWNER='airflow' AIRFLOW_CTX_DAG_ID='stock_kafka_pipeline' AIRFLOW_CTX_TASK_ID='process_nasa_logs' AIRFLOW_CTX_EXECUTION_DATE='2025-04-25T06:20:00+00:00' AIRFLOW_CTX_TRY_NUMBER='1' AIRFLOW_CTX_DAG_RUN_ID='scheduled__2025-04-25T06:20:00+00:00'
[2025-04-25T06:33:14.766+0000] {taskinstance.py:430} INFO - ::endgroup::
[2025-04-25T06:33:14.781+0000] {base.py:84} INFO - Using connection ID 'spark_default' for task execution.
[2025-04-25T06:33:14.782+0000] {spark_submit.py:328} ERROR - Failed to decode base64 keytab: Incorrect padding
[2025-04-25T06:33:14.782+0000] {spark_submit.py:305} INFO - Could not load connection string spark_default, defaulting to 172.21.0.8:7077
[2025-04-25T06:33:14.782+0000] {spark_submit.py:474} INFO - Spark-Submit cmd: spark-submit --master 172.21.0.8:7077 --conf spark.driver.memory=2g --conf spark.executor.memory=4g --principal *** --name arrow-spark --deploy-mode cluster Source/test.py
[2025-04-25T06:33:14.792+0000] {spark_submit.py:644} INFO - /home/***/.local/bin/find-spark-home: line 40: /usr/local/bin/python3.10: No such file or directory
[2025-04-25T06:33:14.792+0000] {spark_submit.py:644} INFO - /home/***/.local/bin/spark-submit: line 27: /bin/spark-class: No such file or directory
[2025-04-25T06:33:14.792+0000] {taskinstance.py:441} INFO - ::group::Post task execution logs
[2025-04-25T06:33:14.797+0000] {taskinstance.py:2905} ERROR - Task failed with exception
Traceback (most recent call last):
  File "/home/airflow/.local/lib/python3.12/site-packages/airflow/models/taskinstance.py", line 465, in _execute_task
    result = _execute_callable(context=context, **execute_callable_kwargs)
             ^^^^^^^^^^^^^^^^^^^^^^^^^^^^^^^^^^^^^^^^^^^^^^^^^^^^^^^^^^^^^
  File "/home/airflow/.local/lib/python3.12/site-packages/airflow/models/taskinstance.py", line 432, in _execute_callable
    return execute_callable(context=context, **execute_callable_kwargs)
           ^^^^^^^^^^^^^^^^^^^^^^^^^^^^^^^^^^^^^^^^^^^^^^^^^^^^^^^^^^^^
  File "/home/airflow/.local/lib/python3.12/site-packages/airflow/models/baseoperator.py", line 401, in wrapper
    return func(self, *args, **kwargs)
           ^^^^^^^^^^^^^^^^^^^^^^^^^^^
  File "/home/airflow/.local/lib/python3.12/site-packages/airflow/providers/apache/spark/operators/spark_submit.py", line 197, in execute
    self._hook.submit(self.application)
  File "/home/airflow/.local/lib/python3.12/site-packages/airflow/providers/apache/spark/hooks/spark_submit.py", line 566, in submit
    raise AirflowException(
airflow.exceptions.AirflowException: Cannot execute: spark-submit --master 172.21.0.8:7077 --conf spark.driver.memory=2g --conf spark.executor.memory=4g --principal *** --name arrow-spark --deploy-mode cluster Source/test.py. Error code is: 127.
[2025-04-25T06:33:14.801+0000] {taskinstance.py:1206} INFO - Marking task as UP_FOR_RETRY. dag_id=stock_kafka_pipeline, task_id=process_nasa_logs, run_id=scheduled__2025-04-25T06:20:00+00:00, execution_date=20250425T062000, start_date=20250425T063314, end_date=20250425T063314
[2025-04-25T06:33:14.929+0000] {standard_task_runner.py:110} ERROR - Failed to execute job 349 for task process_nasa_logs (Cannot execute: spark-submit --master 172.21.0.8:7077 --conf spark.driver.memory=2g --conf spark.executor.memory=4g --principal *** --name arrow-spark --deploy-mode cluster Source/test.py. Error code is: 127.; 519)
[2025-04-25T06:33:14.973+0000] {local_task_job_runner.py:240} INFO - Task exited with return code 1
[2025-04-25T06:33:14.984+0000] {taskinstance.py:3503} INFO - 0 downstream tasks scheduled from follow-on schedule check
[2025-04-25T06:33:14.985+0000] {local_task_job_runner.py:222} INFO - ::endgroup::
