[2025-04-24T14:54:01.258+0000] {local_task_job_runner.py:120} INFO - ::group::Pre task execution logs
[2025-04-24T14:54:01.282+0000] {taskinstance.py:2076} INFO - Dependencies all met for dep_context=non-requeueable deps ti=<TaskInstance: test_spark_connection.run_simple_spark_job manual__2025-04-24T14:53:52.133346+00:00 [queued]>
[2025-04-24T14:54:01.289+0000] {taskinstance.py:2076} INFO - Dependencies all met for dep_context=requeueable deps ti=<TaskInstance: test_spark_connection.run_simple_spark_job manual__2025-04-24T14:53:52.133346+00:00 [queued]>
[2025-04-24T14:54:01.290+0000] {taskinstance.py:2306} INFO - Starting attempt 1 of 2
[2025-04-24T14:54:01.302+0000] {taskinstance.py:2330} INFO - Executing <Task(SparkSubmitOperator): run_simple_spark_job> on 2025-04-24 14:53:52.133346+00:00
[2025-04-24T14:54:01.308+0000] {standard_task_runner.py:63} INFO - Started process 815 to run task
[2025-04-24T14:54:01.311+0000] {standard_task_runner.py:90} INFO - Running: ['***', 'tasks', 'run', 'test_spark_connection', 'run_simple_spark_job', 'manual__2025-04-24T14:53:52.133346+00:00', '--job-id', '239', '--raw', '--subdir', 'DAGS_FOLDER/test_spark_connection.py', '--cfg-path', '/tmp/tmpyw1lo7c2']
[2025-04-24T14:54:01.312+0000] {standard_task_runner.py:91} INFO - Job 239: Subtask run_simple_spark_job
[2025-04-24T14:54:01.341+0000] {task_command.py:426} INFO - Running <TaskInstance: test_spark_connection.run_simple_spark_job manual__2025-04-24T14:53:52.133346+00:00 [running]> on host 62d0b3aee9c6
[2025-04-24T14:54:01.410+0000] {taskinstance.py:2648} INFO - Exporting env vars: AIRFLOW_CTX_DAG_OWNER='***' AIRFLOW_CTX_DAG_ID='test_spark_connection' AIRFLOW_CTX_TASK_ID='run_simple_spark_job' AIRFLOW_CTX_EXECUTION_DATE='2025-04-24T14:53:52.133346+00:00' AIRFLOW_CTX_TRY_NUMBER='1' AIRFLOW_CTX_DAG_RUN_ID='manual__2025-04-24T14:53:52.133346+00:00'
[2025-04-24T14:54:01.411+0000] {taskinstance.py:430} INFO - ::endgroup::
[2025-04-24T14:54:01.431+0000] {base.py:84} INFO - Using connection ID 'spark_default' for task execution.
[2025-04-24T14:54:01.432+0000] {spark_submit.py:328} ERROR - Failed to decode base64 keytab: Incorrect padding
[2025-04-24T14:54:01.433+0000] {spark_submit.py:305} INFO - Could not load connection string spark_default, defaulting to 172.21.0.7:7077
[2025-04-24T14:54:01.434+0000] {spark_submit.py:474} INFO - Spark-Submit cmd: spark-submit --master 172.21.0.7:7077 --principal *** --name test_spark_job --verbose --deploy-mode client /opt/***/Scripts/test.py
[2025-04-24T14:54:01.522+0000] {spark_submit.py:644} INFO - /home/***/.local/lib/python3.12/site-packages/pyspark/bin/load-spark-env.sh: line 68: ps: command not found
[2025-04-24T14:54:01.523+0000] {spark_submit.py:644} INFO - JAVA_HOME is not set
[2025-04-24T14:54:01.524+0000] {taskinstance.py:441} INFO - ::group::Post task execution logs
[2025-04-24T14:54:01.529+0000] {taskinstance.py:2905} ERROR - Task failed with exception
Traceback (most recent call last):
  File "/home/airflow/.local/lib/python3.12/site-packages/airflow/models/taskinstance.py", line 465, in _execute_task
    result = _execute_callable(context=context, **execute_callable_kwargs)
             ^^^^^^^^^^^^^^^^^^^^^^^^^^^^^^^^^^^^^^^^^^^^^^^^^^^^^^^^^^^^^
  File "/home/airflow/.local/lib/python3.12/site-packages/airflow/models/taskinstance.py", line 432, in _execute_callable
    return execute_callable(context=context, **execute_callable_kwargs)
           ^^^^^^^^^^^^^^^^^^^^^^^^^^^^^^^^^^^^^^^^^^^^^^^^^^^^^^^^^^^^
  File "/home/airflow/.local/lib/python3.12/site-packages/airflow/models/baseoperator.py", line 401, in wrapper
    return func(self, *args, **kwargs)
           ^^^^^^^^^^^^^^^^^^^^^^^^^^^
  File "/home/airflow/.local/lib/python3.12/site-packages/airflow/providers/apache/spark/operators/spark_submit.py", line 197, in execute
    self._hook.submit(self.application)
  File "/home/airflow/.local/lib/python3.12/site-packages/airflow/providers/apache/spark/hooks/spark_submit.py", line 566, in submit
    raise AirflowException(
airflow.exceptions.AirflowException: Cannot execute: spark-submit --master 172.21.0.7:7077 --principal *** --name test_spark_job --verbose --deploy-mode client /opt/***/Scripts/test.py. Error code is: 1.
[2025-04-24T14:54:01.534+0000] {taskinstance.py:1206} INFO - Marking task as UP_FOR_RETRY. dag_id=test_spark_connection, task_id=run_simple_spark_job, run_id=manual__2025-04-24T14:53:52.133346+00:00, execution_date=20250424T145352, start_date=20250424T145401, end_date=20250424T145401
[2025-04-24T14:54:01.682+0000] {standard_task_runner.py:110} ERROR - Failed to execute job 239 for task run_simple_spark_job (Cannot execute: spark-submit --master 172.21.0.7:7077 --principal *** --name test_spark_job --verbose --deploy-mode client /opt/***/Scripts/test.py. Error code is: 1.; 815)
[2025-04-24T14:54:01.723+0000] {local_task_job_runner.py:240} INFO - Task exited with return code 1
[2025-04-24T14:54:01.735+0000] {taskinstance.py:3503} INFO - 0 downstream tasks scheduled from follow-on schedule check
[2025-04-24T14:54:01.737+0000] {local_task_job_runner.py:222} INFO - ::endgroup::
