[2025-04-24T14:56:55.128+0000] {local_task_job_runner.py:120} INFO - ::group::Pre task execution logs
[2025-04-24T14:56:55.152+0000] {taskinstance.py:2076} INFO - Dependencies all met for dep_context=non-requeueable deps ti=<TaskInstance: test_spark_connection.run_simple_spark_job manual__2025-04-24T14:53:52.133346+00:00 [queued]>
[2025-04-24T14:56:55.160+0000] {taskinstance.py:2076} INFO - Dependencies all met for dep_context=requeueable deps ti=<TaskInstance: test_spark_connection.run_simple_spark_job manual__2025-04-24T14:53:52.133346+00:00 [queued]>
[2025-04-24T14:56:55.160+0000] {taskinstance.py:2306} INFO - Starting attempt 5 of 6
[2025-04-24T14:56:55.173+0000] {taskinstance.py:2330} INFO - Executing <Task(SparkSubmitOperator): run_simple_spark_job> on 2025-04-24 14:53:52.133346+00:00
[2025-04-24T14:56:55.179+0000] {standard_task_runner.py:63} INFO - Started process 926 to run task
[2025-04-24T14:56:55.180+0000] {standard_task_runner.py:90} INFO - Running: ['***', 'tasks', 'run', 'test_spark_connection', 'run_simple_spark_job', 'manual__2025-04-24T14:53:52.133346+00:00', '--job-id', '243', '--raw', '--subdir', 'DAGS_FOLDER/test_spark_connection.py', '--cfg-path', '/tmp/tmpshdkd9os']
[2025-04-24T14:56:55.182+0000] {standard_task_runner.py:91} INFO - Job 243: Subtask run_simple_spark_job
[2025-04-24T14:56:55.214+0000] {task_command.py:426} INFO - Running <TaskInstance: test_spark_connection.run_simple_spark_job manual__2025-04-24T14:53:52.133346+00:00 [running]> on host 62d0b3aee9c6
[2025-04-24T14:56:55.280+0000] {taskinstance.py:2648} INFO - Exporting env vars: AIRFLOW_CTX_DAG_OWNER='***' AIRFLOW_CTX_DAG_ID='test_spark_connection' AIRFLOW_CTX_TASK_ID='run_simple_spark_job' AIRFLOW_CTX_EXECUTION_DATE='2025-04-24T14:53:52.133346+00:00' AIRFLOW_CTX_TRY_NUMBER='5' AIRFLOW_CTX_DAG_RUN_ID='manual__2025-04-24T14:53:52.133346+00:00'
[2025-04-24T14:56:55.280+0000] {taskinstance.py:430} INFO - ::endgroup::
[2025-04-24T14:56:55.298+0000] {base.py:84} INFO - Using connection ID 'spark_default' for task execution.
[2025-04-24T14:56:55.299+0000] {spark_submit.py:328} ERROR - Failed to decode base64 keytab: Incorrect padding
[2025-04-24T14:56:55.299+0000] {spark_submit.py:305} INFO - Could not load connection string spark_default, defaulting to 172.21.0.7:8080
[2025-04-24T14:56:55.300+0000] {spark_submit.py:474} INFO - Spark-Submit cmd: spark-submit --master 172.21.0.7:8080 --principal *** --name test_spark_job --verbose --deploy-mode client /opt/***/Scripts/test.py
[2025-04-24T14:56:55.393+0000] {spark_submit.py:644} INFO - /home/***/.local/lib/python3.12/site-packages/pyspark/bin/load-spark-env.sh: line 68: ps: command not found
[2025-04-24T14:56:55.394+0000] {spark_submit.py:644} INFO - JAVA_HOME is not set
[2025-04-24T14:56:55.394+0000] {taskinstance.py:441} INFO - ::group::Post task execution logs
[2025-04-24T14:56:55.400+0000] {taskinstance.py:2905} ERROR - Task failed with exception
Traceback (most recent call last):
  File "/home/airflow/.local/lib/python3.12/site-packages/airflow/models/taskinstance.py", line 465, in _execute_task
    result = _execute_callable(context=context, **execute_callable_kwargs)
             ^^^^^^^^^^^^^^^^^^^^^^^^^^^^^^^^^^^^^^^^^^^^^^^^^^^^^^^^^^^^^
  File "/home/airflow/.local/lib/python3.12/site-packages/airflow/models/taskinstance.py", line 432, in _execute_callable
    return execute_callable(context=context, **execute_callable_kwargs)
           ^^^^^^^^^^^^^^^^^^^^^^^^^^^^^^^^^^^^^^^^^^^^^^^^^^^^^^^^^^^^
  File "/home/airflow/.local/lib/python3.12/site-packages/airflow/models/baseoperator.py", line 401, in wrapper
    return func(self, *args, **kwargs)
           ^^^^^^^^^^^^^^^^^^^^^^^^^^^
  File "/home/airflow/.local/lib/python3.12/site-packages/airflow/providers/apache/spark/operators/spark_submit.py", line 197, in execute
    self._hook.submit(self.application)
  File "/home/airflow/.local/lib/python3.12/site-packages/airflow/providers/apache/spark/hooks/spark_submit.py", line 566, in submit
    raise AirflowException(
airflow.exceptions.AirflowException: Cannot execute: spark-submit --master 172.21.0.7:8080 --principal *** --name test_spark_job --verbose --deploy-mode client /opt/***/Scripts/test.py. Error code is: 1.
[2025-04-24T14:56:55.405+0000] {taskinstance.py:1206} INFO - Marking task as UP_FOR_RETRY. dag_id=test_spark_connection, task_id=run_simple_spark_job, run_id=manual__2025-04-24T14:53:52.133346+00:00, execution_date=20250424T145352, start_date=20250424T145655, end_date=20250424T145655
[2025-04-24T14:56:55.544+0000] {standard_task_runner.py:110} ERROR - Failed to execute job 243 for task run_simple_spark_job (Cannot execute: spark-submit --master 172.21.0.7:8080 --principal *** --name test_spark_job --verbose --deploy-mode client /opt/***/Scripts/test.py. Error code is: 1.; 926)
[2025-04-24T14:56:55.554+0000] {local_task_job_runner.py:240} INFO - Task exited with return code 1
[2025-04-24T14:56:55.564+0000] {taskinstance.py:3503} INFO - 0 downstream tasks scheduled from follow-on schedule check
[2025-04-24T14:56:55.565+0000] {local_task_job_runner.py:222} INFO - ::endgroup::
